[    0.000000] Initializing cgroup subsys cpuset
[    0.000000] Initializing cgroup subsys cpu
[    0.000000] Initializing cgroup subsys cpuacct
[    0.000000] Linux version 4.4.0-78-generic (buildd@lgw01-11) (gcc version 5.4.0 20160609 (Ubuntu 5.4.0-6ubuntu1~16.04.4) ) #99-Ubuntu SMP Thu Apr 27 15:29:09 UTC 2017 (Ubuntu 4.4.0-78.99-generic 4.4.62)
[    0.000000] Command line: BOOT_IMAGE=/boot/vmlinuz-4.4.0-78-generic root=LABEL=cloudimg-rootfs ro console=tty1 console=ttyS0
[    0.000000] KERNEL supported cpus:
[    0.000000]   Intel GenuineIntel
[    0.000000]   AMD AuthenticAMD
[    0.000000]   Centaur CentaurHauls
[    0.000000] x86/fpu: xstate_offset[2]:  576, xstate_sizes[2]:  256
[    0.000000] x86/fpu: Supporting XSAVE feature 0x01: 'x87 floating point registers'
[    0.000000] x86/fpu: Supporting XSAVE feature 0x02: 'SSE registers'
[    0.000000] x86/fpu: Supporting XSAVE feature 0x04: 'AVX registers'
[    0.000000] x86/fpu: Enabled xstate features 0x7, context size is 832 bytes, using 'standard' format.
[    0.000000] x86/fpu: Using 'lazy' FPU context switches.
[    0.000000] e820: BIOS-provided physical RAM map:
[    0.000000] BIOS-e820: [mem 0x0000000000000000-0x000000000009fbff] usable
[    0.000000] BIOS-e820: [mem 0x000000000009fc00-0x000000000009ffff] reserved
[    0.000000] BIOS-e820: [mem 0x00000000000f0000-0x00000000000fffff] reserved
[    0.000000] BIOS-e820: [mem 0x0000000000100000-0x000000003ffeffff] usable
[    0.000000] BIOS-e820: [mem 0x000000003fff0000-0x000000003fffffff] ACPI data
[    0.000000] BIOS-e820: [mem 0x00000000fec00000-0x00000000fec00fff] reserved
[    0.000000] BIOS-e820: [mem 0x00000000fee00000-0x00000000fee00fff] reserved
[    0.000000] BIOS-e820: [mem 0x00000000fffc0000-0x00000000ffffffff] reserved
[    0.000000] NX (Execute Disable) protection: active
[    0.000000] SMBIOS 2.5 present.
[    0.000000] Hypervisor detected: KVM
[    0.000000] e820: last_pfn = 0x3fff0 max_arch_pfn = 0x400000000
[    0.000000] MTRR: Disabled
[    0.000000] x86/PAT: MTRRs disabled, skipping PAT initialization too.
[    0.000000] x86/PAT: Configuration [0-7]: WB  WT  UC- UC  WB  WT  UC- UC  
[    0.000000] CPU MTRRs all blank - virtualized system.
[    0.000000] found SMP MP-table at [mem 0x0009fff0-0x0009ffff] mapped at [ffff88000009fff0]
[    0.000000] Scanning 1 areas for low memory corruption
[    0.000000] RAMDISK: [mem 0x36ae6000-0x3756afff]
[    0.000000] ACPI: Early table checksum verification disabled
[    0.000000] ACPI: RSDP 0x00000000000E0000 000024 (v02 VBOX  )
[    0.000000] ACPI: XSDT 0x000000003FFF0030 00003C (v01 VBOX   VBOXXSDT 00000001 ASL  00000061)
[    0.000000] ACPI: FACP 0x000000003FFF00F0 0000F4 (v04 VBOX   VBOXFACP 00000001 ASL  00000061)
[    0.000000] ACPI: DSDT 0x000000003FFF0470 0021C8 (v02 VBOX   VBOXBIOS 00000002 INTL 20100528)
[    0.000000] ACPI: FACS 0x000000003FFF0200 000040
[    0.000000] ACPI: FACS 0x000000003FFF0200 000040
[    0.000000] ACPI: APIC 0x000000003FFF0240 00005C (v02 VBOX   VBOXAPIC 00000001 ASL  00000061)
[    0.000000] ACPI: SSDT 0x000000003FFF02A0 0001CC (v01 VBOX   VBOXCPUT 00000002 INTL 20100528)
[    0.000000] No NUMA configuration found
[    0.000000] Faking a node at [mem 0x0000000000000000-0x000000003ffeffff]
[    0.000000] NODE_DATA(0) allocated [mem 0x3ffeb000-0x3ffeffff]
[    0.000000] kvm-clock: Using msrs 4b564d01 and 4b564d00
[    0.000000] kvm-clock: cpu 0, msr 0:3ffe3001, primary cpu clock
[    0.000000] kvm-clock: using sched offset of 4218599560 cycles
[    0.000000] clocksource: kvm-clock: mask: 0xffffffffffffffff max_cycles: 0x1cd42e4dffb, max_idle_ns: 881590591483 ns
[    0.000000] Zone ranges:
[    0.000000]   DMA      [mem 0x0000000000001000-0x0000000000ffffff]
[    0.000000]   DMA32    [mem 0x0000000001000000-0x000000003ffeffff]
[    0.000000]   Normal   empty
[    0.000000]   Device   empty
[    0.000000] Movable zone start for each node
[    0.000000] Early memory node ranges
[    0.000000]   node   0: [mem 0x0000000000001000-0x000000000009efff]
[    0.000000]   node   0: [mem 0x0000000000100000-0x000000003ffeffff]
[    0.000000] Initmem setup node 0 [mem 0x0000000000001000-0x000000003ffeffff]
[    0.000000] ACPI: PM-Timer IO Port: 0x4008
[    0.000000] IOAPIC[0]: apic_id 2, version 32, address 0xfec00000, GSI 0-23
[    0.000000] ACPI: INT_SRC_OVR (bus 0 bus_irq 0 global_irq 2 dfl dfl)
[    0.000000] ACPI: INT_SRC_OVR (bus 0 bus_irq 9 global_irq 9 high level)
[    0.000000] Using ACPI (MADT) for SMP configuration information
[    0.000000] smpboot: Allowing 2 CPUs, 0 hotplug CPUs
[    0.000000] PM: Registered nosave memory: [mem 0x00000000-0x00000fff]
[    0.000000] PM: Registered nosave memory: [mem 0x0009f000-0x0009ffff]
[    0.000000] PM: Registered nosave memory: [mem 0x000a0000-0x000effff]
[    0.000000] PM: Registered nosave memory: [mem 0x000f0000-0x000fffff]
[    0.000000] e820: [mem 0x40000000-0xfebfffff] available for PCI devices
[    0.000000] Booting paravirtualized kernel on KVM
[    0.000000] clocksource: refined-jiffies: mask: 0xffffffff max_cycles: 0xffffffff, max_idle_ns: 7645519600211568 ns
[    0.000000] setup_percpu: NR_CPUS:512 nr_cpumask_bits:512 nr_cpu_ids:2 nr_node_ids:1
[    0.000000] PERCPU: Embedded 33 pages/cpu @ffff88003fc00000 s98264 r8192 d28712 u1048576
[    0.000000] PV qspinlock hash table entries: 256 (order: 0, 4096 bytes)
[    0.000000] Built 1 zonelists in Node order, mobility grouping on.  Total pages: 257913
[    0.000000] Policy zone: DMA32
[    0.000000] Kernel command line: BOOT_IMAGE=/boot/vmlinuz-4.4.0-78-generic root=LABEL=cloudimg-rootfs ro console=tty1 console=ttyS0
[    0.000000] PID hash table entries: 4096 (order: 3, 32768 bytes)
[    0.000000] Memory: 1001808K/1048120K available (8469K kernel code, 1294K rwdata, 3984K rodata, 1484K init, 1316K bss, 46312K reserved, 0K cma-reserved)
[    0.000000] SLUB: HWalign=64, Order=0-3, MinObjects=0, CPUs=2, Nodes=1
[    0.000000] Hierarchical RCU implementation.
[    0.000000] 	Build-time adjustment of leaf fanout to 64.
[    0.000000] 	RCU restricting CPUs from NR_CPUS=512 to nr_cpu_ids=2.
[    0.000000] RCU: Adjusting geometry for rcu_fanout_leaf=64, nr_cpu_ids=2
[    0.000000] NR_IRQS:33024 nr_irqs:440 16
[    0.000000] Console: colour VGA+ 80x25
[    0.000000] console [tty1] enabled
[    0.000000] console [ttyS0] enabled
[    0.000000] tsc: Detected 3591.688 MHz processor
[    8.750335] Calibrating delay loop (skipped) preset value.. 7183.37 BogoMIPS (lpj=14366752)
[    8.759513] pid_max: default: 32768 minimum: 301
[    8.760166] ACPI: Core revision 20150930
[    8.761464] ACPI: 2 ACPI AML tables successfully acquired and loaded
[    8.762429] Security Framework initialized
[    8.763019] Yama: becoming mindful.
[    8.763562] AppArmor: AppArmor initialized
[    8.864016] Dentry cache hash table entries: 131072 (order: 8, 1048576 bytes)
[    9.051208] Inode-cache hash table entries: 65536 (order: 7, 524288 bytes)
[    9.279002] Mount-cache hash table entries: 2048 (order: 2, 16384 bytes)
[    9.492115] Mountpoint-cache hash table entries: 2048 (order: 2, 16384 bytes)
[    9.680283] Initializing cgroup subsys io
[    9.794074] Initializing cgroup subsys memory
[    9.924600] Initializing cgroup subsys devices
[   10.066112] Initializing cgroup subsys freezer
[   10.207140] Initializing cgroup subsys net_cls
[   10.340193] Initializing cgroup subsys perf_event
[   10.479695] Initializing cgroup subsys net_prio
[   10.617720] Initializing cgroup subsys hugetlb
[   10.618353] Initializing cgroup subsys pids
[   10.642904] CPU: Physical Processor ID: 0
[   10.643476] CPU: Processor Core ID: 0
[   10.644720] mce: CPU supports 0 MCE banks
[   10.645301] Last level iTLB entries: 4KB 1024, 2MB 1024, 4MB 1024
[   10.646068] Last level dTLB entries: 4KB 1024, 2MB 1024, 4MB 1024, 1GB 4
[   10.648351] Freeing SMP alternatives memory: 32K (ffffffff820b8000 - ffffffff820c0000)
[   10.655953] ftrace: allocating 32120 entries in 126 pages
[   10.836934] smpboot: APIC(0) Converting physical 0 to logical package 0
[   11.018314] smpboot: Max logical packages: 1
[   11.095167] x2apic enabled
[   11.111601] Switched APIC routing to physical x2apic.
[   11.113158] ..TIMER: vector=0x30 apic1=0 pin1=2 apic2=-1 pin2=-1
[   11.221558] smpboot: CPU0: Intel(R) Core(TM) i7-4790 CPU @ 3.60GHz (family: 0x6, model: 0x3c, stepping: 0x3)
[   11.528308] Performance Events: unsupported p6 CPU model 60 no PMU driver, software events only.
[   11.720044] KVM setup paravirtual spinlock
[   11.801923] x86: Booting SMP configuration:
[   11.933348] .... node  #0, CPUs:      #1
[   11.934008] kvm-clock: cpu 1, msr 0:3ffe3041, secondary cpu clock
[   12.019930] mce: CPU supports 0 MCE banks
[   12.022280] x86: Booted up 1 node, 2 CPUs
[   12.060144] smpboot: Total of 2 processors activated (14366.75 BogoMIPS)
[   12.061277] devtmpfs: initialized
[   12.147417] evm: security.selinux
[   12.229863] evm: security.SMACK64
[   12.331378] evm: security.SMACK64EXEC
[   12.445453] evm: security.SMACK64TRANSMUTE
[   12.566427] evm: security.SMACK64MMAP
[   12.652435] evm: security.ima
[   12.676076] evm: security.capability
[   12.676800] clocksource: jiffies: mask: 0xffffffff max_cycles: 0xffffffff, max_idle_ns: 7645041785100000 ns
[   12.714277] futex hash table entries: 512 (order: 3, 32768 bytes)
[   12.740870] pinctrl core: initialized pinctrl subsystem
[   12.825602] RTC time: 12:13:12, date: 04/19/18
[   12.944507] NET: Registered protocol family 16
[   13.080227] cpuidle: using governor ladder
[   13.215740] cpuidle: using governor menu
[   13.340557] PCCT header not found.
[   13.447572] ACPI: bus type PCI registered
[   13.484720] acpiphp: ACPI Hot Plug PCI Controller Driver version: 0.5
[   13.485647] PCI: Using configuration type 1 for base access
[   13.499189] ACPI: Added _OSI(Module Device)
[   13.633605] ACPI: Added _OSI(Processor Device)
[   13.752103] ACPI: Added _OSI(3.0 _SCP Extensions)
[   13.785369] ACPI: Added _OSI(Processor Aggregator Device)
[   13.786666] ACPI: Executed 1 blocks of module-level executable AML code
[   13.788981] ACPI: Interpreter enabled
[   13.789533] ACPI: (supports S0 S5)
[   13.790031] ACPI: Using IOAPIC for interrupt routing
[   13.833716] PCI: Using host bridge windows from ACPI; if necessary, use "pci=nocrs" and report a bug
[   14.120452] ACPI: PCI Root Bridge [PCI0] (domain 0000 [bus 00-ff])
[   14.156879] acpi PNP0A03:00: _OSC: OS supports [ASPM ClockPM Segments MSI]
[   14.157731] acpi PNP0A03:00: _OSC failed (AE_NOT_FOUND); disabling ASPM
[   14.158597] acpi PNP0A03:00: fail to add MMCONFIG information, can't access extended PCI configuration space under this bridge.
[   14.160270] PCI host bridge to bus 0000:00
[   14.160873] pci_bus 0000:00: root bus resource [io  0x0000-0x0cf7 window]
[   14.161703] pci_bus 0000:00: root bus resource [io  0x0d00-0xffff window]
[   14.162562] pci_bus 0000:00: root bus resource [mem 0x000a0000-0x000bffff window]
[   14.163631] pci_bus 0000:00: root bus resource [mem 0x40000000-0xffdfffff window]
[   14.164690] pci_bus 0000:00: root bus resource [bus 00-ff]
[   14.166673] pci 0000:00:01.1: legacy IDE quirk: reg 0x10: [io  0x01f0-0x01f7]
[   14.171112] pci 0000:00:01.1: legacy IDE quirk: reg 0x14: [io  0x03f6]
[   14.171955] pci 0000:00:01.1: legacy IDE quirk: reg 0x18: [io  0x0170-0x0177]
[   14.172824] pci 0000:00:01.1: legacy IDE quirk: reg 0x1c: [io  0x0376]
[   14.183867] pci 0000:00:07.0: quirk: [io  0x4000-0x403f] claimed by PIIX4 ACPI
[   14.392897] pci 0000:00:07.0: quirk: [io  0x4100-0x410f] claimed by PIIX4 SMB
[   14.633622] ACPI: PCI Interrupt Link [LNKA] (IRQs 5 9 10 *11)
[   14.788210] ACPI: PCI Interrupt Link [LNKB] (IRQs 5 9 10 *11)
[   14.821277] ACPI: PCI Interrupt Link [LNKC] (IRQs 5 9 *10 11)
[   14.909378] ACPI: PCI Interrupt Link [LNKD] (IRQs 5 *9 10 11)
[   14.910543] ACPI: Enabled 2 GPEs in block 00 to 07
[   14.911535] vgaarb: setting as boot device: PCI:0000:00:02.0
[   15.085262] vgaarb: device added: PCI:0000:00:02.0,decodes=io+mem,owns=io+mem,locks=none
[   15.346525] vgaarb: loaded
[   15.380848] vgaarb: bridge control possible 0000:00:02.0
[   15.522103] SCSI subsystem initialized
[   15.522779] ACPI: bus type USB registered
[   15.644868] usbcore: registered new interface driver usbfs
[   15.816904] usbcore: registered new interface driver hub
[   15.901413] usbcore: registered new device driver usb
[   16.065109] PCI: Using ACPI for IRQ routing
[   16.179688] NetLabel: Initializing
[   16.282907] NetLabel:  domain hash size = 128
[   16.421948] NetLabel:  protocols = UNLABELED CIPSOv4
[   16.582956] NetLabel:  unlabeled traffic allowed by default
[   16.759616] amd_nb: Cannot enumerate AMD northbridges
[   16.877018] clocksource: Switched to clocksource kvm-clock
[   17.003891] AppArmor: AppArmor Filesystem Enabled
[   17.152165] pnp: PnP ACPI init
[   17.247570] pnp: PnP ACPI: found 3 devices
[   17.393953] clocksource: acpi_pm: mask: 0xffffff max_cycles: 0xffffff, max_idle_ns: 2085701024 ns
[   17.685395] NET: Registered protocol family 2
[   17.835254] TCP established hash table entries: 8192 (order: 4, 65536 bytes)
[   17.925545] TCP bind hash table entries: 8192 (order: 5, 131072 bytes)
[   18.028192] TCP: Hash tables configured (established 8192 bind 8192)
[   18.244202] UDP hash table entries: 512 (order: 2, 16384 bytes)
[   18.429224] UDP-Lite hash table entries: 512 (order: 2, 16384 bytes)
[   18.642787] NET: Registered protocol family 1
[   18.788225] pci 0000:00:00.0: Limiting direct PCI/PCI transfers
[   18.874558] pci 0000:00:01.0: Activating ISA DMA hang workarounds
[   18.880253] Unpacking initramfs...
[   20.309393] Freeing initrd memory: 10772K (ffff880036ae6000 - ffff88003756b000)
[   20.533803] RAPL PMU detected, API unit is 2^-32 Joules, 4 fixed counters 10737418240 ms ovfl timer
[   20.613719] hw unit of domain pp0-core 2^-0 Joules
[   20.734970] hw unit of domain package 2^-0 Joules
[   20.878481] hw unit of domain dram 2^-0 Joules
[   21.001535] hw unit of domain pp1-gpu 2^-0 Joules
[   21.078640] platform rtc_cmos: registered platform RTC device (no PNP device found)
[   21.079755] Scanning for low memory corruption every 60 seconds
[   21.080809] audit: initializing netlink subsys (disabled)
[   21.081561] audit: type=2000 audit(1524139989.965:1): initialized
[   21.172833] Initialise system trusted keyring
[   21.229284] HugeTLB registered 2 MB page size, pre-allocated 0 pages
[   21.370649] zbud: loaded
[   21.382709] VFS: Disk quotas dquot_6.6.0
[   21.383300] VFS: Dquot-cache hash table entries: 512 (order 0, 4096 bytes)
[   21.384332] squashfs: version 4.0 (2009/01/31) Phillip Lougher
[   21.398370] fuse init (API version 7.23)
[   21.506732] Key type big_key registered
[   21.613563] Allocating IMA MOK and blacklist keyrings.
[   21.761475] Key type asymmetric registered
[   21.890596] Asymmetric key parser 'x509' registered
[   22.050683] Block layer SCSI generic (bsg) driver version 0.4 loaded (major 249)
[   22.118710] tsc: Refined TSC clocksource calibration: 3589.711 MHz
[   22.249733] clocksource: tsc: mask: 0xffffffffffffffff max_cycles: 0x33be5c0417d, max_idle_ns: 440795288048 ns
[   22.253302] io scheduler noop registered
[   22.253303] io scheduler deadline registered (default)
[   22.253360] io scheduler cfq registered
[   22.253452] pci_hotplug: PCI Hot Plug PCI Core version: 0.5
[   22.253456] pciehp: PCI Express Hot Plug Controller Driver version: 0.4
[   22.253556] ACPI: AC Adapter [AC] (on-line)
[   22.253591] input: Power Button as /devices/LNXSYSTM:00/LNXPWRBN:00/input/input0
[   22.253593] ACPI: Power Button [PWRF]
[   22.253640] input: Sleep Button as /devices/LNXSYSTM:00/LNXSLPBN:00/input/input1
[   22.253641] ACPI: Sleep Button [SLPF]
[   22.253734] GHES: HEST is not enabled!
[   22.253807] Serial: 8250/16550 driver, 32 ports, IRQ sharing enabled
[   22.534126] 00:02: ttyS0 at I/O 0x3f8 (irq = 4, base_baud = 115200) is a 16550A
[   22.625911] Linux agpgart interface v0.103
[   22.627580] loop: module loaded
[   22.628007] scsi host0: ata_piix
[   22.628045] scsi host1: ata_piix
[   22.628065] ata1: PATA max UDMA/33 cmd 0x1f0 ctl 0x3f6 bmdma 0xd000 irq 14
[   22.628065] ata2: PATA max UDMA/33 cmd 0x170 ctl 0x376 bmdma 0xd008 irq 15
[   22.628112] libphy: Fixed MDIO Bus: probed
[   22.628113] tun: Universal TUN/TAP device driver, 1.6
[   22.628113] tun: (C) 1999-2004 Max Krasnyansky <maxk@qualcomm.com>
[   22.628351] PPP generic driver version 2.4.2
[   22.628395] ehci_hcd: USB 2.0 'Enhanced' Host Controller (EHCI) Driver
[   22.628399] ehci-pci: EHCI PCI platform driver
[   22.628412] ehci-platform: EHCI generic platform driver
[   22.628417] ohci_hcd: USB 1.1 'Open' Host Controller (OHCI) Driver
[   22.628419] ohci-pci: OHCI PCI platform driver
[   22.628425] ohci-platform: OHCI generic platform driver
[   22.628430] uhci_hcd: USB Universal Host Controller Interface driver
[   22.628466] i8042: PNP: PS/2 Controller [PNP0303:PS2K,PNP0f03:PS2M] at 0x60,0x64 irq 1,12
[   22.629178] serio: i8042 KBD port at 0x60,0x64 irq 1
[   22.629180] serio: i8042 AUX port at 0x60,0x64 irq 12
[   22.629253] mousedev: PS/2 mouse device common for all mice
[   22.629457] rtc_cmos rtc_cmos: rtc core: registered rtc_cmos as rtc0
[   22.629495] rtc_cmos rtc_cmos: alarms up to one day, 114 bytes nvram
[   22.629500] i2c /dev entries driver
[   22.629539] device-mapper: uevent: version 1.0.3
[   22.629574] device-mapper: ioctl: 4.34.0-ioctl (2015-10-28) initialised: dm-devel@redhat.com
[   22.629588] ledtrig-cpu: registered to indicate activity on CPUs
[   22.629769] NET: Registered protocol family 10
[   22.629902] NET: Registered protocol family 17
[   22.629911] Key type dns_resolver registered
[   22.631239] microcode: CPU0 sig=0x306c3, pf=0x40, revision=0x0
[   22.631246] microcode: CPU1 sig=0x306c3, pf=0x40, revision=0x0
[   22.631282] microcode: Microcode Update Driver: v2.01 <tigran@aivazian.fsnet.co.uk>, Peter Oruba
[   22.631367] registered taskstats version 1
[   22.631377] Loading compiled-in X.509 certificates
[   22.631869] Loaded X.509 cert 'Build time autogenerated kernel key: 779fd75203f0d36b99b83c7328fac831ec7adf9e'
[   22.631883] zswap: loaded using pool lzo/zbud
[   22.633313] Key type trusted registered
[   22.634878] Key type encrypted registered
[   22.634882] AppArmor: AppArmor sha1 policy hashing enabled
[   22.634884] ima: No TPM chip found, activating TPM-bypass!
[   22.634909] evm: HMAC attrs: 0x1
[   22.635130]   Magic number: 14:853:228
[   22.636433] rtc_cmos rtc_cmos: setting system clock to 2018-04-19 12:13:21 UTC (1524140001)
[   22.636509] BIOS EDD facility v0.16 2004-Jun-25, 0 devices found
[   22.636509] EDD information not available.
[   22.660551] input: AT Translated Set 2 keyboard as /devices/platform/i8042/serio0/input/input2
[   23.018522] Freeing unused kernel memory: 1484K (ffffffff81f45000 - ffffffff820b8000)
[   23.155724] Write protecting the kernel read-only data: 14336k
[   23.163414] Freeing unused kernel memory: 1760K (ffff880001848000 - ffff880001a00000)
[   23.170733] Freeing unused kernel memory: 112K (ffff880001de4000 - ffff880001e00000)
Loading, please wait...
starting version[   23.180145] random: systemd-udevd: uninitialized urandom read (16 bytes read, 2 bits of entropy available)
 229
[   23.180603] random: udevadm: uninitialized urandom read (16 bytes read, 2 bits of entropy available)
[   23.180629] random: udevadm: uninitialized urandom read (16 bytes read, 2 bits of entropy available)
[   23.180710] random: udevadm: uninitialized urandom read (16 bytes read, 2 bits of entropy available)
[   23.180740] random: udevadm: uninitialized urandom read (16 bytes read, 2 bits of entropy available)
[   23.180771] random: udevadm: uninitialized urandom read (16 bytes read, 2 bits of entropy available)
[   23.180799] random: udevadm: uninitialized urandom read (16 bytes read, 2 bits of entropy available)
[   23.180825] random: udevadm: uninitialized urandom read (16 bytes read, 2 bits of entropy available)
[   23.180852] random: udevadm: uninitialized urandom read (16 bytes read, 2 bits of entropy available)
[   23.180888] random: udevadm: uninitialized urandom read (16 bytes read, 2 bits of entropy available)
[   23.801614] Fusion MPT base driver 3.04.20
[   23.843944] Copyright (c) 1999-2008 LSI Corporation
[   23.867551] e1000: Intel(R) PRO/1000 Network Driver - version 7.3.21-k8-NAPI
[   23.868449] e1000: Copyright (c) 1999-2006 Intel Corporation.
[   23.909348] Fusion MPT SPI Host driver 3.04.20
[   23.963734] AVX version of gcm_enc/dec engaged.
[   23.982293] AES CTR mode by8 optimization enabled
[   24.126378] input: ImExPS/2 Generic Explorer Mouse as /devices/platform/i8042/serio1/input/input4
[   24.284243] e1000 0000:00:03.0 eth0: (PCI:33MHz:32-bit) 02:a6:9f:cf:fa:b5
[   24.331769] e1000 0000:00:03.0 eth0: Intel(R) PRO/1000 Network Connection
[   24.672120] e1000 0000:00:08.0 eth1: (PCI:33MHz:32-bit) 08:00:27:7d:c1:a9
[   24.869534] e1000 0000:00:08.0 eth1: Intel(R) PRO/1000 Network Connection
[   24.936421] e1000 0000:00:03.0 enp0s3: renamed from eth0
[   25.000391] mptbase: ioc0: Initiating bringup
[   25.061349] ioc0: LSI53C1030 A0: Capabilities={Initiator}
[   25.225254] scsi host2: ioc0: LSI53C1030 A0, FwRev=00000000h, Ports=1, MaxQ=256, IRQ=20
[   25.269590] e1000 0000:00:08.0 enp0s8: renamed from eth1
[   25.502105] scsi 2:0:0:0: Direct-Access     VBOX     HARDDISK         1.0  PQ: 0 ANSI: 5
[   25.760924] scsi target2:0:0: Beginning Domain Validation
[   25.926780] scsi target2:0:0: Domain Validation skipping write tests
[   26.097201] scsi target2:0:0: Ending Domain Validation
[   26.097948] scsi target2:0:0: asynchronous
[   26.098806] scsi 2:0:1:0: Direct-Access     VBOX     HARDDISK         1.0  PQ: 0 ANSI: 5
[   26.183323] scsi target2:0:1: Beginning Domain Validation
[   26.194421] scsi target2:0:1: Domain Validation skipping write tests
[   26.195224] scsi target2:0:1: Ending Domain Validation
[   26.205287] scsi target2:0:1: asynchronous
[   26.210101] sd 2:0:0:0: Attached scsi generic sg0 type 0
[   26.212131] sd 2:0:0:0: [sda] 20971520 512-byte logical blocks: (10.7 GB/10.0 GiB)
[   26.220665] sd 2:0:1:0: [sdb] 20480 512-byte logical blocks: (10.5 MB/10.0 MiB)
[   26.222944] sd 2:0:1:0: Attached scsi generic sg1 type 0
[   26.297380] sd 2:0:0:0: [sda] Write Protect is off
[   26.298214] sd 2:0:1:0: [sdb] Write Protect is off
[   26.300698] sd 2:0:1:0: [sdb] Incomplete mode parameter data
[   26.302630] sd 2:0:1:0: [sdb] Assuming drive cache: write through
[   26.303470] sd 2:0:0:0: [sda] Incomplete mode parameter data
[   26.304262] sd 2:0:0:0: [sda] Assuming drive cache: write through
[   26.327661]  sda: sda1
[   26.401645] sd 2:0:0:0: [sda] Attached SCSI disk
[   26.530130] sd 2:0:1:0: [sdb] Attached SCSI disk
[   26.969605] floppy0: no floppy controllers found
Begin: Loading e[   28.352744] md: linear personality registered for level -1
ssential drivers ... [   28.371932] md: multipath personality registered for level -4
[   28.456715] md: raid0 personality registered for level 0
[   28.488985] md: raid1 personality registered for level 1
[   28.565159] raid6: sse2x1   gen() 11592 MB/s
[   28.765203] raid6: sse2x1   xor()  8677 MB/s
[   28.937227] raid6: sse2x2   gen() 14528 MB/s
[   29.121252] raid6: sse2x2   xor()  9801 MB/s
[   29.281270] raid6: sse2x4   gen() 16703 MB/s
[   29.469306] raid6: sse2x4   xor() 11878 MB/s
[   29.531093] raid6: using algorithm sse2x4 gen() 16703 MB/s
[   29.533304] raid6: .... xor() 11878 MB/s, rmw enabled
[   29.674103] raid6: using ssse3x2 recovery algorithm
[   29.828365] xor: automatically using best checksumming function:
[   30.061386]    avx       : 23185.000 MB/sec
[   30.196607] async_tx: api initialized (async)
[   30.338923] md: raid6 personality registered for level 6
[   30.475236] md: raid5 personality registered for level 5
[   30.539901] md: raid4 personality registered for level 4
[   30.544755] md: raid10 personality registered for level 10
done.
Begin: Running /scripts/init-premount ... done.
Begin: Mounting root file system ... Begin: Running /scripts/local-top ... done.
Begin: Running /scripts/local-premount ... [   30.590150] Btrfs loaded
Scanning for Btrfs filesystems
done.
Warning: fsck not present, so skipping root file system
[   30.710534] EXT4-fs (sda1): mounted filesystem with ordered data mode. Opts: (null)
done.
Begin: Running /scripts/local-bottom ... done.
Begin: Running /scripts/init-bottom ... done.
[   31.391606] random: nonblocking pool is initialized
[   31.602801] systemd[1]: systemd 229 running in system mode. (+PAM +AUDIT +SELINUX +IMA +APPARMOR +SMACK +SYSVINIT +UTMP +LIBCRYPTSETUP +GCRYPT +GNUTLS +ACL +XZ -LZ4 +SECCOMP +BLKID +ELFUTILS +KMOD -IDN)
[   31.647700] systemd[1]: Detected virtualization oracle.
[   31.689895] systemd[1]: Detected architecture x86-64.

Welcome to [1mUbuntu 16.04.2 LTS[0m!

[   31.830764] systemd[1]: Set hostname to <ubuntu>.
[   31.859623] systemd[1]: Initializing machine ID from random generator.
[   32.026506] systemd[1]: Installed transient /etc/machine-id file.
[   33.112152] systemd[1]: Listening on Journal Audit Socket.
[[0;32m  OK  [0m] Listening on Journal Audit Socket.
[   33.174109] systemd[1]: Listening on LVM2 metadata daemon socket.
[[0;32m  OK  [0m] Listening on LVM2 metadata daemon socket.
[   33.418186] systemd[1]: Listening on Syslog Socket.
[[0;32m  OK  [0m] Listening on Syslog Socket.
[   33.602111] systemd[1]: Reached target Swap.
[[0;32m  OK  [0m] Reached target Swap.
[   33.789552] systemd[1]: Listening on udev Kernel Socket.
[[0;32m  OK  [0m] Listening on udev Kernel Socket.
[   34.014131] systemd[1]: Reached target User and Group Name Lookups.
[[0;32m  OK  [0m] Reached target User and Group Name Lookups.
[   34.271338] systemd[1]: Created slice User and Session Slice.
[[0;32m  OK  [0m] Created slice User and Session Slice.
[   34.478255] systemd[1]: Listening on /dev/initctl Compatibility Named Pipe.
[[0;32m  OK  [0m] Listening on /dev/initctl Compatibility Named Pipe.
[   34.714040] systemd[1]: Listening on udev Control Socket.
[[0;32m  OK  [0m] Listening on udev Control Socket.
[   34.807290] systemd[1]: Listening on Device-mapper event daemon FIFOs.
[[0;32m  OK  [0m] Listening on Device-mapper event daemon FIFOs.
[   34.827074] systemd[1]: Listening on Journal Socket (/dev/log).
[[0;32m  OK  [0m] Listening on Journal Socket (/dev/log).
[   34.832792] systemd[1]: Listening on Journal Socket.
[[0;32m  OK  [0m] Listening on Journal Socket.
[   34.834248] systemd[1]: Started Forward Password Requests to Wall Directory Watch.
[[0;32m  OK  [0m] Started Forward Password Requests to Wall Directory Watch.
[   34.836340] systemd[1]: Reached target Encrypted Volumes.
[[0;32m  OK  [0m] Reached target Encrypted Volumes.
[   34.886159] systemd[1]: Listening on LVM2 poll daemon socket.
[[0;32m  OK  [0m] Listening on LVM2 poll daemon socket.
[   35.126611] systemd[1]: Created slice System Slice.
[[0;32m  OK  [0m] Created slice System Slice.
[   35.341777] systemd[1]: Starting Create list of required static device nodes for the current kernel...
         Starting Create list of required st... nodes for the current kernel...
[   35.697663] systemd[1]: Starting Nameserver information manager...
         Starting Nameserver information manager...
[   35.865866] systemd[1]: Starting Uncomplicated firewall...
         Starting Uncomplicated firewall...
[   35.880574] systemd[1]: Mounting Debug File System...
         Mounting Debug File System...
[   35.898504] systemd[1]: Starting Journal Service...
         Starting Journal Service...
[   35.972828] systemd[1]: Starting Remount Root and Kernel File Systems...
[   36.042354] EXT4-fs (sda1): re-mounted. Opts: (null)
         Starting Remount Root and Kernel File Systems...
[   36.261690] systemd[1]: Starting Set console keymap...
         Starting Set console keymap...
[   36.461368] systemd[1]: Mounting POSIX Message Queue File System...
         Mounting POSIX Message Queue File System...
[   36.717634] systemd[1]: Mounting Huge Pages File System...
         Mounting Huge Pages File System...
[   36.921638] systemd[1]: Created slice system-serial\x2dgetty.slice.
[[0;32m  OK  [0m] Created slice system-serial\x2dgetty.slice.
[   36.937388] systemd[1]: Starting Load Kernel Modules...
         Starting Load Kernel Modules...
[   36.960552] systemd[1]: Reached target Slices.
[[0;32m  OK  [0m] Reached target Slices.
[   36.962370] systemd[1]: Starting Monitoring of LVM2 mirrors, snapshots etc. using dmeventd or progress polling...
         Startin[   37.144532] Loading iSCSI transport class v2.0-870.
g Monitoring of LVM2 mirrors... dmeventd or progress polling...
[   37.165493] systemd[1]: Started Trigger resolvconf update for networkd DNS.
[[0;32m  OK  [0m] Started Trigger resolvconf u[   37.361123] iscsi: registered transport (tcp)
pdate for networkd DNS.
[   37.541509] systemd[1]: Set up automount Arbitrary Executable File Formats File System Automount Point.
[[0;32m  OK  [[   37.705247] iscsi: registered transport (iser)
0m] Set up automount Arbitrary Executab...ats File System Automount Point.
[   37.935599] systemd[1]: Mounted POSIX Message Queue File System.
[[0;32m  OK  [0m] Mounted POSIX Message Queue File System.
[   37.977796] systemd[1]: Mounted Huge Pages File System.
[[0;32m  OK  [0m] Mounted Huge Pages File System.
[   38.011763] systemd[1]: Mounted Debug File System.
[[0;32m  OK  [0m] Mounted Debug File System.
[   38.030292] systemd[1]: Started Journal Service.
[[0;32m  OK  [0m] Started Journal Service.
[[0;32m  OK  [0m] Started Create list of required sta...ce nodes for the current kernel.
[[0;32m  OK  [0m] Started Uncomplicated firewall.
[[0;32m  OK  [0m] Started Remount Root and Kernel File Systems.
[[0;32m  OK  [0m] Started Set console keymap.
[[0;32m  OK  [0m] Started Load Kernel Modules.
[[0;32m  OK  [0m] Started Nameserver information manager.
[[0;32m  OK  [0m] Started LVM2 metadata daemon.
         Mounting FUSE Control File System...
         Starting Apply Kernel Variables...
         Starting Load/Save Random Seed...
         Starting udev Coldplug all Devices...
         Starting Initial cloud-init job (pre-networking)...
         Starting Create Static Device Nodes in /dev...
         Starting Flush Journal to Persistent Storage...
[[0;32m  OK  [0m] Mounted FUSE Control File System.
[[0;32m  OK  [0m] Started Apply Kernel Variables.
[[0;32m  OK  [0m] Started Load/Save Random Seed.
[[0;32m  OK  [0m] Started udev Coldplug all Devices.
[[0;32m  OK  [0m] Started Monitoring of LVM2 mirrors,...ng dmeventd or progress polling.
[[0;32m  OK  [0m] Started Create Static Device Nodes in /dev.
         Starting udev Kernel Device Manager...
[[0;32m  OK  [0m] Started Flush Journal to Persistent Storage.
[[0;32m  OK  [0m] Started udev Kernel Device Manager.
[[0;32m  OK  [0m] Reached target Local File Systems (Pre).
[[0;32m  OK  [0m] Reached target Local File Systems.
         Starting Set console font and keymap...
         Starting LSB: AppArmor initialization...
         Starting Create Volatile Files and Directories...
         Starting Commit a transient machine-id on disk...
         Starting Tell Plymouth To Write Out Runtime Data...
[[0;32m  OK  [0m] Started Dispatch Password Requests to Console Directory Watch.
[[0;32m  OK  [0m] Started Create Volatile Files and Directories.
[[0;32m  OK  [0m] Started Commit a transient machine-id on disk.
[[0;32m  OK  [0m] Started Tell Plymouth To Write Out Runtime Data.
[[0;32m  OK  [0m] Found device /dev/ttyS0.
[[0;32m  OK  [0m] Reached target System Time Synchronized.
         Starting Update UTMP about System Boot/Shutdown...
[[0;32m  OK  [0m] Started Set console font and keymap.
[[0;32m  OK  [0m] Created slice system-getty.slice.
[[0;32m  OK  [0m] Started Update UTMP about System Boot/Shutdown.
[[0;32m  OK  [0m] Listening on Load/Save RF Kill Switch Status /dev/rfkill Watch.
[[0;32m  OK  [0m] Started LSB: AppArmor initialization.
[   27.015836] cloud-init[454]: Cloud-init v. 0.7.9 running 'init-local' at Thu, 19 Apr 2018 12:13:41 +0000. Up 26.63 seconds.
[[0;32m  OK  [0m] Started Initial cloud-init job (pre-networking).
[[0;32m  OK  [0m] Reached target Network (Pre).
         Starting Raise network interfaces...
[[0;32m  OK  [0m] Started Raise network interfaces.
[[0;32m  OK  [0m] Reached target Network.
         Starting Initial cloud-init job (metadata service crawler)...
[   29.542507] cloud-init[943]: Cloud-init v. 0.7.9 running 'init' at Thu, 19 Apr 2018 12:13:43 +0000. Up 27.96 seconds.
[   29.657495] [cloud-init[0;32m  OK  [0m[943]: ] ci-info: ++++++++++++++++++++++++++++++++++++++Net device info++++++++++++++++++++++++++++++++++++++Started Initial cloud-init job (metadata service crawler).

[   29.659018] cloud-init[943]: ci-info: +--------+-------+----------------------------+---------------+-------+-------------------+
[   29.945267] [cloud-init[0;32m  OK  [0m[943]: ] ci-info: | Device |   Up  |          Address           |      Mask     | Scope |     Hw-Address    |Reached target Cloud-config availability.

[   29.946930] [cloud-init[0;32m  OK  [0m[943]: ] ci-info: +--------+-------+----------------------------+---------------+-------+-------------------+Reached target Network is Online.

[   30.245800]          cloud-initStarting iSCSI initiator daemon (iscsid)...[943]: 
ci-info: |   lo   |  True |         127.0.0.1          |   255.0.0.0   |   .   |         .         |
[   30.264619] [cloud-init[0;32m  OK  [0m[943]: ] ci-info: |   lo   |  True |          ::1/128           |       .       |  host |         .         |Reached target System Initialization.

[   30.265719] [cloud-init[0;32m  OK  [0m[943]: ] ci-info: | enp0s3 |  True |         10.0.2.15          | 255.255.255.0 |   .   | 02:a6:9f:cf:fa:b5 |Listening on ACPID Listen Socket.

[   30.461252] [cloud-init[0;32m  OK  [0m[943]: ] ci-info: | enp0s3 |  True | fe80::a6:9fff:fecf:fab5/64 |       .       |  link | 02:a6:9f:cf:fa:b5 |Listening on D-Bus System Message Bus Socket.

[   30.462922] [cloud-init[0;32m  OK  [0m[943]: ] ci-info: | enp0s8 | False |             .              |       .       |   .   | 08:00:27:7d:c1:a9 |Started Timer to automatically refresh installed snaps.

[   30.768876] cloud-init[943]: ci-info: +--------+-------+----------------------------+---------------+-------+-------------------+
         Starting Socket activation for snappy daemon.
[   30.770688] [cloud-init[0;32m  OK  [0m[943]: ] ci-info: +++++++++++++++++++++++++++Route IPv4 info++++++++++++++++++++++++++++Started Daily Cleanup of Temporary Directories.

[   31.076912] [cloud-init[0;32m  OK  [0m[943]: ] ci-info: +-------+-------------+----------+---------------+-----------+-------+Started ACPI Events Check.

[   31.078586] [cloud-init[0;32m  OK  [0m[943]: ] ci-info: | Route | Destination | Gateway  |    Genmask    | Interface | Flags |Reached target Paths.

[   31.202667] cloud-init[943]: ci-info: +-------+-------------+----------+---------------+-----------+-------+
         Starting LXD - unix socket.
[   31.383927] cloud-init[943]: ci-info: |   0   |   0.0.0.0   | 10.0.2.2 |    0.0.0.0    |   enp0s3  |   UG  |
[   31.460452] [cloud-init[0;32m  OK  [0m[943]: ] ci-info: |   1   |   10.0.2.0  | 0.0.0.0  | 255.255.255.0 |   enp0s3  |   U   |Started Daily apt activities.

[   31.584389] [cloud-init[0;32m  OK  [0m[943]: ] ci-info: +-------+-------------+----------+---------------+-----------+-------+Reached target Timers.

[   31.584734] [cloud-init[0;32m  OK  [0m[943]: ] Generating public/private rsa key pair.Listening on UUID daemon activation socket.

[[0;32m  OK  [0m] Listening on Socket activation for snappy daemon.
[[0;32m  OK  [0m] Listening on LXD - unix socket.
[   31.818860] cloud-init[943]: Your identification has been saved in /etc/ssh/ssh_host_rsa_key.
[   32.004585] cloud-init[943]: Your public key has been saved in /etc/ssh/ssh_host_rsa_key.pub.
[[0;32m  OK  [0m] Started iSCSI initiator daemon (iscsid).
[   32.036335] cloud-init[943]: The key fingerprint is:
[   32.076365] cloud-init[943]: SHA256:CZGtKU/kNpCzpKcGRdA2gRRzP50pOMkwugdNieya8cY root@ubuntu-xenial
[   32.100379] cloud-init[943]: The key's randomart image is:
[   32.132432] cloud-init[943]: +---[RSA 2048]----+
[   32.143411] cloud-init[943]: |+%=+ ..o         |
[   32.154079] cloud-init[943]: |++% O +.+        |
[   32.158924] cloud-init[943]: |+o.O X.*         |
[   32.196718] cloud-init[943]: |o+. = X. .       |
[   32.209957] cloud-init[943]: |o*.o = .S        |
         Starting Login to default iSCSI targets...
[[0;32m  OK  [0m] Reached target Sockets.
[[0;32m  OK  [0m] Reached target Basic System.
[   32.220559] cloud-init[943]: |o.E   .          |
[   32.243068] cloud-init[943]: | o               |
[   32.261968] cloud-init[943]: |                 |
[   32.266935] cloud-init[943]: |                 |
         Starting LXD - container startup/shutdown...
[[0;32m  OK  [0m] Started D-Bus System Message Bus.
[   32.267826] cloud-init[943]: +----[SHA256]-----+
[   32.276849] cloud-init[943]: Generating public/private dsa key pair.
[   32.332391] cloud-init[943]: Your identification has been saved in /etc/ssh/ssh_host_dsa_key.
[   32.362501] cloud-init[943]: Your public key has been saved in /etc/ssh/ssh_host_dsa_key.pub.
[   32.373453] cloud-init[943]: The key fingerprint is:
[   32.420412] cloud-init[943]: SHA256:DHEp1Js08nUzvYGpu+AjS2b2FLfG0FEIl5+OtRB9UkA root@ubuntu-xenial
[   32.448356] cloud-init[943]: The key's randomart image is:
[   32.476674] cloud-init[943]: +---[DSA 1024]----+
[   32.478737] cloud-init[943]: |     .o.oo.=E*.  |
[   32.487139] cloud-init[943]: |      oo=.=.O +  |
[   32.508422] cloud-init[943]: |      .= =.= * o |
[   32.513751] cloud-init[943]: |       o+.o.+ .  |
[   32.548365] cloud-init[943]: |        S o* .   |
[   32.560418] cloud-init[943]: |        .=o.o    |
[[0;32m  OK  [0m] Started FUSE filesystem for LXC.
[[0;32m  OK  [0m] Started Unattended Upgrades Shutdown.
         Starting System Logging Service...
[   32.576096] cloud-init[943]: |      =...+.     |
[   32.624403]          cloud-initStarting Apply the settings specified in cloud-config...[943]: 
|     =.oo..      |
[   32.671845]          Starting LSB: MD monitoring daemon...
cloud-init[943]: |      .o..       |
[   32.674542] cloud-init[943]: +----[SHA256]-----+
[   32.696432] cloud-init[943]: Generating public/private ecdsa key pair.
[   32.712634] cloud-init[943]: Your identification has been saved in /etc/ssh/ssh_host_ecdsa_key.
         Starting /etc/rc.local Compatibility...
[   32.747697] cloud-init[943]: Your public key has been saved in /etc/ssh/ssh_host_ecdsa_key.pub.
         [   32.788360] cloud-init[943]: The key fingerprint is:
[   32.788431] cloud-init[943]: SHA256:3V9FmVga2/5Pglo47qlIp4TvABQzLvdi9Oo88azMDCM root@ubuntu-xenial
[   32.788500] cloud-init[943]: The key's randomart image is:
[   32.788570] cloud-init[943]: +---[ECDSA 256]---+
[   32.788628] cloud-init[943]: |  +          .o.+|
[   32.788693] cloud-init[943]: | . +         .=+ |
[   32.788770] cloud-init[943]: |. =          o ..|
[   32.788827] cloud-init[943]: | = o     . .  . .|
[   32.788881] cloud-init[943]: |  + o   S . .  ..|
Starting Accounts Service...
[   32.788952] cloud-init[943]: | ..+ .     . o ..|
[   32.846163] cloud-init[943]: |E .+o o . o o o o|
[   32.847134] cloud-init[943]: |.O. o= + . =   o.|
[   32.848125] cloud-init[943]: |  Bo .= .o=     .|
[   32.849094] cloud-init[943]: +----[SHA256]-----+
[   32.850280] cloud-init[943]: Generating public/private ed25519 key pair.
[   32.851373] cloud-init[943]: Your identification has been saved in /etc/ssh/ssh_host_ed25519_key.
[[0;32m  OK  [0m] Started Regular background program processing daemon.
         Starting LSB: Record successful boot for GRUB...
[   32.879488] cloud-init[943]: Your public key has been saved in /etc/ssh/ssh_host_ed25519_key.pub.
[   32.936909] cloud-init[943]: The key fingerprint is:
[   32.937963] cloud-init[943]: SHA256:KZiPlpQJF8yV/AjunFWdWQL2zNJ2WwxmlyydLtGvCW8 root@ubuntu-xenial
[[0;32m  OK  [0m] Started ACPI event daemon.
[   32.945701] cloud-init[943]: The key's randomart image is:
[   32.954196] cloud-init[943]: +--[ED25519 256]--+
         Starting Login Service...
[[0;32m  OK  [0m] Started Deferred execution scheduler.
[   32.957340] cloud-init[943]: |   o.o..oo.+=+.o |
[   32.978174] cloud-init[943]: |    +.o..=++o+*  |
[   32.979194] cloud-init[943]: |  .... +. * .+o. |
[   32.980220] cloud-init[943]: |   o.=o .+ .oo. .|
[   32.981194] cloud-init[943]: |   o*o. S   .+ o |
[   33.000443]          Starting Pollinate to seed the pseudo random number generator...
cloud-init[943]: |   .++ .      E  |
[   33.020605] cloud-init[943]: |    + .      .   |
[   33.040507] cloud-init[943]: |   .             |
[   33.047170] cloud-init[943]: |                 |
[   33.049169] cloud-init[943]: +----[SHA256]-----+
[[0;32m  OK  [0m] Started Snappy daemon.
         Starting Auto import assertions from block devices...
[[0;32m  OK  [0m] Started System Logging Service.
[[0;32m  OK  [0m] Started /etc/rc.local Compatibility.
[[0;32m  OK  [0m] Started Auto import assertions from block devices.
[[0;32m  OK  [0m] Started LSB: Record successful boot for GRUB.
[[0;32m  OK  [0m] Started Login to default iSCSI targets.
[[0;32m  OK  [0m] Reached target Remote File Systems (Pre).
[[0;32m  OK  [0m] Reached target Remote File Systems.
         Starting LSB: VirtualBox Linux Additions...
         Starting LSB: automatic crash report generation...
         Starting LSB: Set the CPU Frequency Scaling governor to "ondemand"...
         Starting Permit User Sessions...
         Starting LSB: daemon to balance interrupts for SMP systems...
[[0;32m  OK  [0m] Started Permit User Sessions.
[[0;32m  OK  [0m] Started Login Service.
[[0;32m  OK  [0m] Started LSB: MD monitoring daemon.
[[0;32m  OK  [0m] Started LSB: Set the CPU Frequency Scaling governor to "ondemand".
[   33.730361] cloud-init[1051]: Generating locales (this might take a while)...
         Starting Hold until boot process finishes up...
         Starting Terminate Plymouth Boot Screen...
[[0;32m  OK  [0m] Started LSB: automatic crash report generation.
[[0;32m  OK  [0m] Started Hold until boot process finishes up.
[[0;32m  OK  [0m] Started Terminate Plymouth Boot Screen.
[[0;32m  OK  [0m] Started Getty on tty1.
         Starting Set console scheme...
[[0;32m  OK  [0m] Started Serial Getty on ttyS0.
[[0;32m  OK  [0m] Reached target Login Prompts.
[[0;32m  OK  [0m] Started Set console scheme.
[[0;32m  OK  [0m] Started LSB: daemon to balance interrupts for SMP systems.
[[0;32m  OK  [0m] Started LXD - container startup/shutdown.
[[0;32m  OK  [0m] Started LSB: VirtualBox Linux Additions.
         Starting Authenticate and Authorize Users to Run Privileged Tasks...
[   35.384104] cloud-init[1051]:   en_US.UTF-8... done
[   35.388622] cloud-init[1051]: Generation complete.
[[0;32m  OK  [0m] Started Authenticate and Authorize Users to Run Privileged Tasks.
[[0;32m  OK  [0m] Started Accounts Service.
[[0;32m  OK  [0m] Started Pollinate to seed the pseudo random number generator.
         Starting OpenBSD Secure Shell server...
[[0;32m  OK  [0m] Started OpenBSD Secure Shell server.
[[0;32m  OK  [0m] Reached target Multi-User System.
[[0;32m  OK  [0m] Reached target Graphical Interface.
         Starting Update UTMP about System Runlevel Changes...
[[0;32m  OK  [0m] Started Update UTMP about System Runlevel Changes.
         Stopping OpenBSD Secure Shell server...
[[0;32m  OK  [0m] Stopped OpenBSD Secure Shell server.
         Starting OpenBSD Secure Shell server...
[[0;32m  OK  [0m] Started OpenBSD Secure Shell server.
[   37.994388] cloud-init[1051]: Cloud-init v. 0.7.9 running 'modules:config' at Thu, 19 Apr 2018 12:13:48 +0000. Up 32.79 seconds.
[[0;32m  OK  [0m] Started Apply the settings specified in cloud-config.
[[0;32m  OK  [0m] Created slice User Slice of ubuntu.
         Starting Execute cloud user/final scripts...
         Starting User Manager for UID 1000...
[[0;32m  OK  [0m] Started Session 1 of user ubuntu.
[[0;32m  OK  [0m] Started User Manager for UID 1000.
ci-info: no authorized ssh keys fingerprints found for user ubuntu.
<14>Apr 19 12:13:53 ec2: 
<14>Apr 19 12:13:53 ec2: #############################################################
<14>Apr 19 12:13:53 ec2: -----BEGIN SSH HOST KEY FINGERPRINTS-----
<14>Apr 19 12:13:53 ec2: 1024 SHA256:DHEp1Js08nUzvYGpu+AjS2b2FLfG0FEIl5+OtRB9UkA root@ubuntu-xenial (DSA)
<14>Apr 19 12:13:53 ec2: 256 SHA256:3V9FmVga2/5Pglo47qlIp4TvABQzLvdi9Oo88azMDCM root@ubuntu-xenial (ECDSA)
<14>Apr 19 12:13:53 ec2: 256 SHA256:KZiPlpQJF8yV/AjunFWdWQL2zNJ2WwxmlyydLtGvCW8 root@ubuntu-xenial (ED25519)
<14>Apr 19 12:13:53 ec2: 2048 SHA256:CZGtKU/kNpCzpKcGRdA2gRRzP50pOMkwugdNieya8cY root@ubuntu-xenial (RSA)
<14>Apr 19 12:13:53 ec2: -----END SSH HOST KEY FINGERPRINTS-----
<14>Apr 19 12:13:53 ec2: #############################################################
-----BEGIN SSH HOST KEY KEYS-----
ecdsa-sha2-nistp256 AAAAE2VjZHNhLXNoYTItbmlzdHAyNTYAAAAIbmlzdHAyNTYAAABBBBPiZtgGT6rrbKiPYeCYVGxIBvJBW//sCtB7DSA4QHgfJQCOZJaWlKTdO3JbFcp6kHLAOvjYN78q/MTPAIYwKns= root@ubuntu-xenial
ssh-ed25519 AAAAC3NzaC1lZDI1NTE5AAAAIN7qKnsac+ZLG7jWMe+XaTaZWDj1mQq9y3msXG/crrQY root@ubuntu-xenial
ssh-rsa AAAAB3NzaC1yc2EAAAADAQABAAABAQCk46CnOVncZlDATQn91uh00T2H/YAN2SISgZm2qxVZ4lPvJQoN4+bmbeRgK6M8VWF60kt9ZgohRvuPDAL/wOe3RwcnOrNn3EFuZA31eIDQXjR/fOMzLWYA1J2LXOeJWkgQcQMkhXQRK1T3i1hPZ7Mu94wpVtyilsOaKM76fID2shzbq2lLsq0mcx+E0K2dinHqEffc3c4RutVVUYfUJ5p8bRDJ/4UHSpTqJdEfBpc9hfYXjpnHEG+8LWbjhXb5jMpUfb0b5HqePELfbQ4MO7jZtA1grxCeMi2AxEMKxzN3Rsy+aklMsCi7E5rRIoxNiseBhI6VSRIRorlWP0F4H7UN root@ubuntu-xenial
-----END SSH HOST KEY KEYS-----
[   39.081366] cloud-init[1307]: Cloud-init v. 0.7.9 running 'modules:final' at Thu, 19 Apr 2018 12:13:53 +0000. Up 38.49 seconds.
[   39.139349] cloud-init[1307]: ci-info: no authorized ssh keys 
[   39.140297] cloud-init[1307]: Cloud-init v. 0.7.9 finished at Thu, 19 Apr 2018 12:13:54 +0000. Datasource DataSourceNoCloud [seed=/dev/sdb][dsmode=net].  Up 39.07 seconds

Ubuntu 16.04.2 LTS ubuntu-xenial ttyS0

ubuntu-xenial login: 